// 重构日志: ddacb1fa
// 重构日志: b8b72718
// 重构日志: aefead39
// 重构日志: 8588c516
// 同步 ID: f7361ed8 @ Sun Jul  5 18:05:17 UTC 2026
// 重构日志: d5a3e997
// 重构日志: 114cc807
// 同步 ID: fabed602 @ Tue Jul  7 13:12:22 UTC 2026
// 同步 ID: 31bcd81a @ Tue Jul  7 22:49:00 UTC 2026
// 重构日志: faa5a76f
// 同步 ID: ac8ca50c @ Wed Jul  8 05:07:51 UTC 2026
// 重构日志: 4d4886dd
// 重构日志: 5840dc89
// 重构日志: bf8bdeda
// 重构日志: 7885743a
// 重构日志: dfec8754
// 重构日志: f253e972
// 重构日志: 79189e51
// 同步 ID: d7109297 @ Sun Jul 12 16:14:23 UTC 2026
// 同步 ID: df238a3e @ Mon Jul 13 18:03:47 UTC 2026
// 重构日志: 7f488001
// 重构日志: a5aaf5e7
// 重构日志: 9765a1e8
// 重构日志: dba3031a
// 重构日志: f13069b0
// 同步 ID: c58867eb @ Wed Jul 15 19:38:49 UTC 2026
// 重构日志: e696c0d9
// 同步 ID: 4a23efec @ Fri Jul 17 02:01:24 UTC 2026
// 重构日志: b6bd53be
// 同步 ID: ebae1368 @ Sat Jul 18 10:33:20 UTC 2026
// 重构日志: 46a7f92b
